0 info it worked if it ends with ok
1 verbose cli [ '/home/timothy/.nvm/versions/node/v6.6.0/bin/node',
1 verbose cli   '/home/timothy/.nvm/versions/node/v6.6.0/bin/npm',
1 verbose cli   'start',
1 verbose cli   '-',
1 verbose cli   '--ws_uri=ws://136.148.92.204:8888/kurento' ]
2 info using npm@3.10.3
3 info using node@v6.6.0
4 verbose run-script [ 'prestart', 'start', 'poststart' ]
5 info lifecycle kurento-hello-world@6.10.1-dev~prestart: kurento-hello-world@6.10.1-dev
6 silly lifecycle kurento-hello-world@6.10.1-dev~prestart: no script for prestart, continuing
7 info lifecycle kurento-hello-world@6.10.1-dev~start: kurento-hello-world@6.10.1-dev
8 verbose lifecycle kurento-hello-world@6.10.1-dev~start: unsafe-perm in lifecycle true
9 verbose lifecycle kurento-hello-world@6.10.1-dev~start: PATH: /home/timothy/.nvm/versions/node/v6.6.0/lib/node_modules/npm/bin/node-gyp-bin:/home/timothy/Documents/WebRTC Projects/kurento-hello-world/node_modules/.bin:/home/timothy/.nvm/versions/node/v6.6.0/bin:/home/timothy/.nvm/versions/node/v6.6.0/bin:/home/timothy/anaconda3/bin:/home/timothy/anaconda3/condabin:/usr/local/sbin:/usr/local/bin:/usr/sbin:/usr/bin:/sbin:/bin:/usr/games:/usr/local/games:/snap/bin
10 verbose lifecycle kurento-hello-world@6.10.1-dev~start: CWD: /home/timothy/Documents/WebRTC Projects/kurento-hello-world
11 silly lifecycle kurento-hello-world@6.10.1-dev~start: Args: [ '-c', 'node server.js "-"' ]
12 silly lifecycle kurento-hello-world@6.10.1-dev~start: Returned: code: 1  signal: null
13 info lifecycle kurento-hello-world@6.10.1-dev~start: Failed to exec start script
14 verbose stack Error: kurento-hello-world@6.10.1-dev start: `node server.js "-"`
14 verbose stack Exit status 1
14 verbose stack     at EventEmitter.<anonymous> (/home/timothy/.nvm/versions/node/v6.6.0/lib/node_modules/npm/lib/utils/lifecycle.js:242:16)
14 verbose stack     at emitTwo (events.js:106:13)
14 verbose stack     at EventEmitter.emit (events.js:191:7)
14 verbose stack     at ChildProcess.<anonymous> (/home/timothy/.nvm/versions/node/v6.6.0/lib/node_modules/npm/lib/utils/spawn.js:40:14)
14 verbose stack     at emitTwo (events.js:106:13)
14 verbose stack     at ChildProcess.emit (events.js:191:7)
14 verbose stack     at maybeClose (internal/child_process.js:877:16)
14 verbose stack     at Process.ChildProcess._handle.onexit (internal/child_process.js:226:5)
15 verbose pkgid kurento-hello-world@6.10.1-dev
16 verbose cwd /home/timothy/Documents/WebRTC Projects/kurento-hello-world
17 error Linux 4.18.0-25-generic
18 error argv "/home/timothy/.nvm/versions/node/v6.6.0/bin/node" "/home/timothy/.nvm/versions/node/v6.6.0/bin/npm" "start" "-" "--ws_uri=ws://136.148.92.204:8888/kurento"
19 error node v6.6.0
20 error npm  v3.10.3
21 error code ELIFECYCLE
22 error kurento-hello-world@6.10.1-dev start: `node server.js "-"`
22 error Exit status 1
23 error Failed at the kurento-hello-world@6.10.1-dev start script 'node server.js "-"'.
23 error Make sure you have the latest version of node.js and npm installed.
23 error If you do, this is most likely a problem with the kurento-hello-world package,
23 error not with npm itself.
23 error Tell the author that this fails on your system:
23 error     node server.js "-"
23 error You can get information on how to open an issue for this project with:
23 error     npm bugs kurento-hello-world
23 error Or if that isn't available, you can get their info via:
23 error     npm owner ls kurento-hello-world
23 error There is likely additional logging output above.
24 verbose exit [ 1, true ]
